2021-09-15 17:17:41,572 [main] INFO  o.s.b.t.c.SpringBootTestContextBootstrapper        - Neither @ContextConfiguration nor @ContextHierarchy found for test class [com.oferta.telefonica.MsOfertaTelefonicaApplicationTests], using SpringBootContextLoader 
2021-09-15 17:17:41,582 [main] INFO  o.s.t.c.s.AbstractContextLoader                    - Could not detect default resource locations for test class [com.oferta.telefonica.MsOfertaTelefonicaApplicationTests]: no resource found for suffixes {-context.xml, Context.groovy}. 
2021-09-15 17:17:41,583 [main] INFO  o.s.t.c.s.AnnotationConfigContextLoaderUtils       - Could not detect default configuration classes for test class [com.oferta.telefonica.MsOfertaTelefonicaApplicationTests]: MsOfertaTelefonicaApplicationTests does not declare any static, non-private, non-final, nested classes annotated with @Configuration. 
2021-09-15 17:17:41,694 [main] INFO  o.s.b.t.c.SpringBootTestContextBootstrapper        - Found @SpringBootConfiguration com.oferta.telefonica.MsOfertaTelefonicaApplication for test class com.oferta.telefonica.MsOfertaTelefonicaApplicationTests 
2021-09-15 17:17:41,792 [main] INFO  o.s.b.t.c.SpringBootTestContextBootstrapper        - Loaded default TestExecutionListener class names from location [META-INF/spring.factories]: [org.springframework.boot.test.mock.mockito.MockitoTestExecutionListener, org.springframework.boot.test.mock.mockito.ResetMocksTestExecutionListener, org.springframework.boot.test.autoconfigure.restdocs.RestDocsTestExecutionListener, org.springframework.boot.test.autoconfigure.web.client.MockRestServiceServerResetTestExecutionListener, org.springframework.boot.test.autoconfigure.web.servlet.MockMvcPrintOnlyOnFailureTestExecutionListener, org.springframework.boot.test.autoconfigure.web.servlet.WebDriverTestExecutionListener, org.springframework.boot.test.autoconfigure.webservices.client.MockWebServiceServerTestExecutionListener, org.springframework.test.context.web.ServletTestExecutionListener, org.springframework.test.context.support.DirtiesContextBeforeModesTestExecutionListener, org.springframework.test.context.event.ApplicationEventsTestExecutionListener, org.springframework.test.context.support.DependencyInjectionTestExecutionListener, org.springframework.test.context.support.DirtiesContextTestExecutionListener, org.springframework.test.context.transaction.TransactionalTestExecutionListener, org.springframework.test.context.jdbc.SqlScriptsTestExecutionListener, org.springframework.test.context.event.EventPublishingTestExecutionListener] 
2021-09-15 17:17:41,823 [main] INFO  o.s.b.t.c.SpringBootTestContextBootstrapper        - Using TestExecutionListeners: [org.springframework.test.context.web.ServletTestExecutionListener@21a21c64, org.springframework.test.context.support.DirtiesContextBeforeModesTestExecutionListener@7803bfd, org.springframework.test.context.event.ApplicationEventsTestExecutionListener@42bc14c1, org.springframework.boot.test.mock.mockito.MockitoTestExecutionListener@531f4093, org.springframework.boot.test.autoconfigure.SpringBootDependencyInjectionTestExecutionListener@62ef27a8, org.springframework.test.context.support.DirtiesContextTestExecutionListener@6436a7db, org.springframework.test.context.transaction.TransactionalTestExecutionListener@460ebd80, org.springframework.test.context.jdbc.SqlScriptsTestExecutionListener@6f3c660a, org.springframework.test.context.event.EventPublishingTestExecutionListener@74f5ce22, org.springframework.boot.test.mock.mockito.ResetMocksTestExecutionListener@25aca718, org.springframework.boot.test.autoconfigure.restdocs.RestDocsTestExecutionListener@16fdec90, org.springframework.boot.test.autoconfigure.web.client.MockRestServiceServerResetTestExecutionListener@1afdd473, org.springframework.boot.test.autoconfigure.web.servlet.MockMvcPrintOnlyOnFailureTestExecutionListener@40238dd0, org.springframework.boot.test.autoconfigure.web.servlet.WebDriverTestExecutionListener@7776ab, org.springframework.boot.test.autoconfigure.webservices.client.MockWebServiceServerTestExecutionListener@79179359] 
2021-09-15 17:17:42,179 [background-preinit] INFO  o.h.v.i.u.Version                                  - HV000001: Hibernate Validator 6.2.0.Final 
2021-09-15 17:17:42,207 [main] INFO  c.o.t.MsOfertaTelefonicaApplicationTests           - Starting MsOfertaTelefonicaApplicationTests using Java 1.8.0_292 on TRJ-7Z9Y693 with PID 4336 (started by ecordovc in C:\Users\ECORDOVC\OneDrive - everis\Escritorio\Back\prueba_telefonica\ms-oferta-telefonica) 
2021-09-15 17:17:42,212 [main] INFO  c.o.t.MsOfertaTelefonicaApplicationTests           - No active profile set, falling back to default profiles: default 
2021-09-15 17:17:43,039 [main] INFO  o.s.d.r.c.RepositoryConfigurationDelegate          - Bootstrapping Spring Data JPA repositories in DEFAULT mode. 
2021-09-15 17:17:43,146 [main] INFO  o.s.d.r.c.RepositoryConfigurationDelegate          - Finished Spring Data repository scanning in 99 ms. Found 3 JPA repository interfaces. 
2021-09-15 17:17:43,891 [main] INFO  o.h.j.i.u.LogHelper                                - HHH000204: Processing PersistenceUnitInfo [name: default] 
2021-09-15 17:17:43,951 [main] INFO  o.h.Version                                        - HHH000412: Hibernate ORM core version 5.4.32.Final 
2021-09-15 17:17:44,103 [main] INFO  o.h.a.c.Version                                    - HCANN000001: Hibernate Commons Annotations {5.1.2.Final} 
2021-09-15 17:17:44,658 [main] INFO  c.z.h.HikariDataSource                             - HikariPool-1 - Starting... 
2021-09-15 17:17:45,068 [main] INFO  c.z.h.HikariDataSource                             - HikariPool-1 - Start completed. 
2021-09-15 17:17:45,105 [main] INFO  o.h.d.Dialect                                      - HHH000400: Using dialect: org.hibernate.dialect.MySQL8Dialect 
2021-09-15 17:17:46,224 [main] INFO  o.h.e.t.j.p.i.JtaPlatformInitiator                 - HHH000490: Using JtaPlatform implementation: [org.hibernate.engine.transaction.jta.platform.internal.NoJtaPlatform] 
2021-09-15 17:17:46,234 [main] INFO  o.s.o.j.LocalContainerEntityManagerFactoryBean     - Initialized JPA EntityManagerFactory for persistence unit 'default' 
2021-09-15 17:17:47,350 [main] WARN  o.s.b.a.o.j.JpaBaseConfiguration$JpaWebConfiguration - spring.jpa.open-in-view is enabled by default. Therefore, database queries may be performed during view rendering. Explicitly configure spring.jpa.open-in-view to disable this warning 
2021-09-15 17:17:48,199 [main] INFO  c.o.t.MsOfertaTelefonicaApplicationTests           - Started MsOfertaTelefonicaApplicationTests in 6.303 seconds (JVM running for 7.681) 
2021-09-15 17:17:48,402 [SpringApplicationShutdownHook] INFO  o.s.o.j.LocalContainerEntityManagerFactoryBean     - Closing JPA EntityManagerFactory for persistence unit 'default' 
2021-09-15 17:17:48,406 [SpringApplicationShutdownHook] INFO  c.z.h.HikariDataSource                             - HikariPool-1 - Shutdown initiated... 
2021-09-15 17:17:48,493 [SpringApplicationShutdownHook] INFO  c.z.h.HikariDataSource                             - HikariPool-1 - Shutdown completed. 
